<?xml version="1.0" encoding="UTF-8"?>
<!-- Generated by org.testng.reporters.JUnitReportReporter -->
<testsuite hostname="dijesh-PC" name="week6_day1.WebDriverWait_Ex" tests="1" failures="0" timestamp="16 Dec 2017 14:18:58 GMT" time="97.545" errors="0">
  <testcase name="webDriverWaitEx" time="97.545" classname="week6_day1.WebDriverWait_Ex"/>
</testsuite> <!-- week6_day1.WebDriverWait_Ex -->
