<?xml version="1.0" encoding="UTF-8"?>
<!-- Generated by org.testng.reporters.JUnitReportReporter -->
<testsuite hostname="dijesh-PC" name="week5day1.Report" tests="1" failures="0" timestamp="9 Dec 2017 15:37:41 GMT" time="1.440" errors="0">
  <testcase name="result" time="1.440" classname="week5day1.Report"/>
</testsuite> <!-- week5day1.Report -->
