<?xml version="1.0" encoding="UTF-8"?>
<!-- Generated by org.testng.reporters.JUnitReportReporter -->
<testsuite hostname="dijesh-PC" name="week4_day1.Annotatin_Understanding" tests="2" failures="0" timestamp="2 Dec 2017 05:40:26 GMT" time="0.010" errors="0">
  <testcase name="test1" time="0.002" classname="week4_day1.Annotatin_Understanding"/>
  <testcase name="test" time="0.008" classname="week4_day1.Annotatin_Understanding"/>
</testsuite> <!-- week4_day1.Annotatin_Understanding -->
