<?xml version="1.0" encoding="UTF-8"?>
<!-- Generated by org.testng.reporters.JUnitReportReporter -->
<testsuite hostname="dijesh-PC" name="week3_class2.CreateLead_1" tests="2" failures="0" timestamp="2 Dec 2017 12:52:04 GMT" time="126.020" errors="0">
  <testcase name="createLead" time="62.392" classname="week3_class2.CreateLead_1"/>
  <testcase name="createLead" time="63.628" classname="week3_class2.CreateLead_1"/>
</testsuite> <!-- week3_class2.CreateLead_1 -->
