<?xml version="1.0" encoding="UTF-8"?>
<!-- Generated by org.testng.reporters.JUnitReportReporter -->
<testsuite hostname="dijesh-PC" name="week6_day1.ActionClass_Ex1" tests="1" failures="0" timestamp="16 Dec 2017 13:58:43 GMT" time="29.385" errors="0">
  <testcase name="actionClassTwo" time="29.385" classname="week6_day1.ActionClass_Ex1"/>
</testsuite> <!-- week6_day1.ActionClass_Ex1 -->
