<?xml version="1.0" encoding="UTF-8"?>
<!-- Generated by org.testng.reporters.JUnitReportReporter -->
<testsuite hostname="dijesh-PC" name="week4_homework.CreateLead_1" tests="2" failures="0" timestamp="6 Dec 2017 06:56:08 GMT" time="168.546" errors="0">
  <testcase name="createLead" time="92.751" classname="week4_homework.CreateLead_1"/>
  <testcase name="createLead" time="75.795" classname="week4_homework.CreateLead_1"/>
</testsuite> <!-- week4_homework.CreateLead_1 -->
