<?xml version="1.0" encoding="UTF-8"?>
<!-- Generated by org.testng.reporters.JUnitReportReporter -->
<testsuite hostname="dijesh-PC" name="week3_class2.Delete_Lead_1" tests="1" failures="0" timestamp="2 Dec 2017 07:58:22 GMT" time="160.347" errors="0">
  <testcase name="delete" time="160.347" classname="week3_class2.Delete_Lead_1"/>
</testsuite> <!-- week3_class2.Delete_Lead_1 -->
