<?xml version="1.0" encoding="UTF-8"?>
<!-- Generated by org.testng.reporters.JUnitReportReporter -->
<testsuite hostname="dijesh-PC" name="week5day1.ReadExcel" tests="1" failures="0" timestamp="9 Dec 2017 05:34:18 GMT" time="1.529" errors="0">
  <testcase name="readCreateMethod" time="1.529" classname="week5day1.ReadExcel"/>
</testsuite> <!-- week5day1.ReadExcel -->
