<?xml version="1.0" encoding="UTF-8"?>
<!-- Generated by org.testng.reporters.JUnitReportReporter -->
<testsuite hostname="dijesh-PC" name="week4_homework.DuplicateLead_1" tests="1" failures="0" timestamp="6 Dec 2017 04:15:05 GMT" time="44.933" errors="0">
  <testcase name="duplicateLead" time="44.933" classname="week4_homework.DuplicateLead_1"/>
</testsuite> <!-- week4_homework.DuplicateLead_1 -->
