<?xml version="1.0" encoding="UTF-8"?>
<!-- Generated by org.testng.reporters.JUnitReportReporter -->
<testsuite hostname="dijesh-PC" name="testng_concepts.CommonUsedAnnotation" tests="2" failures="0" timestamp="4 Dec 2017 06:16:25 GMT" time="0.031" errors="0">
  <testcase name="test1" time="0.001" classname="testng_concepts.CommonUsedAnnotation"/>
  <testcase name="Test2" time="0.030" classname="testng_concepts.CommonUsedAnnotation"/>
</testsuite> <!-- testng_concepts.CommonUsedAnnotation -->
