<?xml version="1.0" encoding="UTF-8"?>
<!-- Generated by org.testng.reporters.JUnitReportReporter -->
<testsuite hostname="dijesh-PC" name="selenium_basics.Collapse_Expanded" tests="1" failures="0" timestamp="27 Nov 2017 17:04:32 GMT" time="100.785" errors="0">
  <testcase name="collapseExpanded" time="100.785" classname="selenium_basics.Collapse_Expanded"/>
</testsuite> <!-- selenium_basics.Collapse_Expanded -->
