<?xml version="1.0" encoding="UTF-8"?>
<!-- Generated by org.testng.reporters.JUnitReportReporter -->
<testsuite hostname="dijesh-PC" name="testng_concepts.GroupTest" tests="2" failures="0" timestamp="4 Dec 2017 06:16:25 GMT" time="0.002" errors="0">
  <testcase name="test1" time="0.001" classname="testng_concepts.GroupTest"/>
  <testcase name="test2" time="0.001" classname="testng_concepts.GroupTest"/>
</testsuite> <!-- testng_concepts.GroupTest -->
