<?xml version="1.0" encoding="UTF-8"?>
<!-- Generated by org.testng.reporters.JUnitReportReporter -->
<testsuite hostname="dijesh-PC" name="week4_day2.CreateLead_1" tests="2" failures="0" timestamp="3 Dec 2017 18:18:39 GMT" time="128.933" errors="0">
  <testcase name="createLead" time="64.838" classname="week4_day2.CreateLead_1"/>
  <testcase name="createLead" time="64.095" classname="week4_day2.CreateLead_1"/>
</testsuite> <!-- week4_day2.CreateLead_1 -->
