<?xml version="1.0" encoding="UTF-8"?>
<!-- Generated by org.testng.reporters.JUnitReportReporter -->
<testsuite hostname="dijesh-PC" name="week3_class2.EditLead_1" tests="1" failures="0" timestamp="3 Dec 2017 17:28:33 GMT" time="43.465" errors="0">
  <testcase name="edidMethod" time="43.465" classname="week3_class2.EditLead_1"/>
</testsuite> <!-- week3_class2.EditLead_1 -->
