<?xml version="1.0" encoding="UTF-8"?>
<!-- Generated by org.testng.reporters.JUnitReportReporter -->
<testsuite hostname="dijesh-PC" name="week4_homework.test" tests="4" failures="0" timestamp="9 Dec 2017 05:49:22 GMT" time="0.024" errors="0">
  <testcase name="methodA" time="0.022" classname="week4_homework.test"/>
  <testcase name="methodD" time="0.001" classname="week4_homework.test"/>
  <testcase name="methodC" time="0.000" classname="week4_homework.test"/>
  <testcase name="methodB" time="0.001" classname="week4_homework.test"/>
</testsuite> <!-- week4_homework.test -->
