<?xml version="1.0" encoding="UTF-8"?>
<!-- Generated by org.testng.reporters.JUnitReportReporter -->
<testsuite hostname="dijesh-PC" name="week3_homework.EditContacts" tests="1" failures="0" timestamp="2 Dec 2017 14:37:47 GMT" time="71.853" errors="0">
  <testcase name="editContacts" time="71.853" classname="week3_homework.EditContacts"/>
</testsuite> <!-- week3_homework.EditContacts -->
