<?xml version="1.0" encoding="UTF-8"?>
<!-- Generated by org.testng.reporters.JUnitReportReporter -->
<testsuite hostname="dijesh-PC" name="week4_day1.Annotation_Attributes" tests="4" failures="0" timestamp="2 Dec 2017 16:53:39 GMT" time="122.498" errors="0">
  <testcase name="test1" time="17.083" classname="week4_day1.Annotation_Attributes"/>
  <testcase name="test4" time="19.079" classname="week4_day1.Annotation_Attributes"/>
  <testcase name="test2" time="73.368" classname="week4_day1.Annotation_Attributes"/>
  <testcase name="test3" time="12.968" classname="week4_day1.Annotation_Attributes"/>
</testsuite> <!-- week4_day1.Annotation_Attributes -->
