<?xml version="1.0" encoding="UTF-8"?>
<!-- Generated by org.testng.reporters.JUnitReportReporter -->
<testsuite hostname="dijesh-PC" name="week4_homework.Delete_Lead_1" tests="1" failures="0" timestamp="6 Dec 2017 06:56:08 GMT" time="50.024" errors="0">
  <testcase name="delete" time="50.024" classname="week4_homework.Delete_Lead_1"/>
</testsuite> <!-- week4_homework.Delete_Lead_1 -->
