<?xml version="1.0" encoding="UTF-8"?>
<!-- Generated by org.testng.reporters.JUnitReportReporter -->
<testsuite hostname="dijesh-PC" name="week6_day1.ActionClass_Ex" tests="1" failures="0" timestamp="16 Dec 2017 13:44:31 GMT" time="18.180" errors="0">
  <testcase name="actionClass" time="18.180" classname="week6_day1.ActionClass_Ex"/>
</testsuite> <!-- week6_day1.ActionClass_Ex -->
