<?xml version="1.0" encoding="UTF-8"?>
<!-- Generated by org.testng.reporters.JUnitReportReporter -->
<testsuite hostname="dijesh-PC" name="week4_homework.EditLead_1" tests="1" failures="0" timestamp="6 Dec 2017 06:56:08 GMT" time="50.110" errors="0">
  <testcase name="edidMethod" time="50.110" classname="week4_homework.EditLead_1"/>
</testsuite> <!-- week4_homework.EditLead_1 -->
