<?xml version="1.0" encoding="UTF-8"?>
<!-- Generated by org.testng.reporters.JUnitReportReporter -->
<testsuite hostname="dijesh-PC" name="week4_homework.MeargeLead_1" tests="1" failures="0" timestamp="6 Dec 2017 06:56:08 GMT" time="100.852" errors="0">
  <testcase name="mergeLead" time="100.852" classname="week4_homework.MeargeLead_1"/>
</testsuite> <!-- week4_homework.MeargeLead_1 -->
